<?xml version="1.0" encoding="UTF-8"?>
<!-- Generated by org.testng.reporters.JUnitXMLReporter -->
<testsuite ignored="0" hostname="TLAPT24869" failures="0" tests="4" name="Default test" time="94.877" errors="0" timestamp="06 May 2024 11:12:03 GMT">
  <testcase classname="com.SvcProject.TestLayer.SignInTest" name="verifyLogin" time="13.969"/>
  <testcase classname="com.SvcProject.TestLayer.SignInTest" name="verifyLogin" time="10.485"/>
  <testcase classname="com.SvcProject.TestLayer.SignInTest" name="verifyLogin" time="10.014"/>
  <testcase classname="com.SvcProject.TestLayer.SignInTest" name="verifyLogin" time="11.12"/>
</testsuite> <!-- Default test -->
