<?xml version="1.0" encoding="UTF-8"?>
<!-- Generated by org.testng.reporters.JUnitXMLReporter -->
<testsuite ignored="2" hostname="TLAPT24869" failures="0" tests="1" name="Default test" time="73.357" errors="0" timestamp="23 Apr 2024 09:37:10 GMT">
  <testcase classname="com.SvcProject.TestLayer.HolidayCalendarTest" name="verifyHolidayCalendarUpdate" time="42.251"/>
  <testcase classname="com.SvcProject.TestLayer.HolidayCalendarTest" name="verifyHolidayCalendarStatus" time="0.0">
    <ignored/>
  </testcase> <!-- verifyHolidayCalendarStatus -->
  <testcase classname="com.SvcProject.TestLayer.HolidayCalendarTest" name="verifyHolidayCalendar" time="0.0">
    <ignored/>
  </testcase> <!-- verifyHolidayCalendar -->
</testsuite> <!-- Default test -->
