<?xml version="1.0" encoding="UTF-8"?>
<testng-results ignored="0" total="1" passed="1" failed="0" skipped="0">
  <reporter-output>
  </reporter-output>
  <suite started-at="2024-12-19T17:09:18 IST" name="Default suite" finished-at="2024-12-19T17:09:50 IST" duration-ms="31648">
    <groups>
    </groups>
    <test started-at="2024-12-19T17:09:18 IST" name="Default test" finished-at="2024-12-19T17:09:50 IST" duration-ms="31648">
      <class name="com.SvcProject.TestLayer.FAQsTest">
        <test-method is-config="true" signature="start()[pri:0, instance:com.SvcProject.TestLayer.FAQsTest@2812b107]" started-at="2024-12-19T17:09:18 IST" name="start" finished-at="2024-12-19T17:09:18 IST" duration-ms="182" status="PASS">
          <reporter-output>
          </reporter-output>
        </test-method> <!-- start -->
        <test-method is-config="true" signature="setUp()[pri:0, instance:com.SvcProject.TestLayer.FAQsTest@2812b107]" started-at="2024-12-19T17:09:18 IST" name="setUp" finished-at="2024-12-19T17:09:36 IST" duration-ms="17714" status="PASS">
          <reporter-output>
          </reporter-output>
        </test-method> <!-- setUp -->
        <test-method signature="verifyFAQs()[pri:0, instance:com.SvcProject.TestLayer.FAQsTest@2812b107]" started-at="2024-12-19T17:09:36 IST" name="verifyFAQs" finished-at="2024-12-19T17:09:49 IST" duration-ms="13702" status="PASS">
          <reporter-output>
          </reporter-output>
        </test-method> <!-- verifyFAQs -->
        <test-method is-config="true" signature="tearDown()[pri:0, instance:com.SvcProject.TestLayer.FAQsTest@2812b107]" started-at="2024-12-19T17:09:50 IST" name="tearDown" finished-at="2024-12-19T17:09:50 IST" duration-ms="0" status="PASS">
          <reporter-output>
          </reporter-output>
        </test-method> <!-- tearDown -->
        <test-method is-config="true" signature="end()[pri:0, instance:com.SvcProject.TestLayer.FAQsTest@2812b107]" started-at="2024-12-19T17:09:50 IST" name="end" finished-at="2024-12-19T17:09:50 IST" duration-ms="2" status="PASS">
          <reporter-output>
          </reporter-output>
        </test-method> <!-- end -->
      </class> <!-- com.SvcProject.TestLayer.FAQsTest -->
    </test> <!-- Default test -->
  </suite> <!-- Default suite -->
</testng-results>
