<?xml version="1.0" encoding="UTF-8"?>
<testng-results ignored="0" total="4" passed="4" failed="0" skipped="0">
  <reporter-output>
  </reporter-output>
  <suite started-at="2024-05-09T10:23:50Z" name="Default suite" finished-at="2024-05-09T10:26:24Z" duration-ms="154146">
    <groups>
    </groups>
    <test started-at="2024-05-09T10:23:50Z" name="Default test" finished-at="2024-05-09T10:26:24Z" duration-ms="154146">
      <class name="com.SvcProject.TestLayer.ChangePasswordTest">
        <test-method is-config="true" signature="start()[pri:0, instance:com.SvcProject.TestLayer.ChangePasswordTest@42f33b5d]" started-at="2024-05-09T15:53:50Z" name="start" finished-at="2024-05-09T15:53:50Z" duration-ms="75" status="PASS">
          <reporter-output>
          </reporter-output>
        </test-method> <!-- start -->
        <test-method is-config="true" signature="setUp()[pri:0, instance:com.SvcProject.TestLayer.ChangePasswordTest@42f33b5d]" started-at="2024-05-09T15:53:51Z" name="setUp" finished-at="2024-05-09T15:53:58Z" duration-ms="6976" status="PASS">
          <reporter-output>
          </reporter-output>
        </test-method> <!-- setUp -->
        <test-method signature="verifyChangePasswordScenarios(java.lang.String, java.lang.String, java.lang.String, java.lang.String, java.lang.String, java.lang.String, java.lang.String)[pri:0, instance:com.SvcProject.TestLayer.ChangePasswordTest@42f33b5d]" started-at="2024-05-09T15:53:58Z" name="verifyChangePasswordScenarios" data-provider="getChangePassword" finished-at="2024-05-09T15:54:29Z" duration-ms="31067" status="PASS">
          <params>
            <param index="0">
              <value>
                <![CDATA[9841989189]]>
              </value>
            </param>
            <param index="1">
              <value>
                <![CDATA[789123]]>
              </value>
            </param>
            <param index="2">
              <value>
                <![CDATA[Idea@1234]]>
              </value>
            </param>
            <param index="3">
              <value>
                <![CDATA[Idea@12345]]>
              </value>
            </param>
            <param index="4">
              <value>
                <![CDATA[Idea@12345]]>
              </value>
            </param>
            <param index="5">
              <value>
                <![CDATA[Smart Virtual Clinic]]>
              </value>
            </param>
            <param index="6">
              <value>
                <![CDATA[Invalid Current Password..!]]>
              </value>
            </param>
          </params>
          <reporter-output>
          </reporter-output>
        </test-method> <!-- verifyChangePasswordScenarios -->
        <test-method is-config="true" signature="tearDown()[pri:0, instance:com.SvcProject.TestLayer.ChangePasswordTest@42f33b5d]" started-at="2024-05-09T15:54:29Z" name="tearDown" finished-at="2024-05-09T15:54:29Z" duration-ms="1" status="PASS">
          <reporter-output>
          </reporter-output>
        </test-method> <!-- tearDown -->
        <test-method is-config="true" signature="setUp()[pri:0, instance:com.SvcProject.TestLayer.ChangePasswordTest@42f33b5d]" started-at="2024-05-09T15:54:29Z" name="setUp" finished-at="2024-05-09T15:54:35Z" duration-ms="5866" status="PASS">
          <reporter-output>
          </reporter-output>
        </test-method> <!-- setUp -->
        <test-method signature="verifyChangePasswordScenarios(java.lang.String, java.lang.String, java.lang.String, java.lang.String, java.lang.String, java.lang.String, java.lang.String)[pri:0, instance:com.SvcProject.TestLayer.ChangePasswordTest@42f33b5d]" started-at="2024-05-09T15:54:35Z" name="verifyChangePasswordScenarios" data-provider="getChangePassword" finished-at="2024-05-09T15:55:05Z" duration-ms="30648" status="PASS">
          <params>
            <param index="0">
              <value>
                <![CDATA[9841989189]]>
              </value>
            </param>
            <param index="1">
              <value>
                <![CDATA[789123]]>
              </value>
            </param>
            <param index="2">
              <value>
                <![CDATA[Idea@123]]>
              </value>
            </param>
            <param index="3">
              <value>
                <![CDATA[Idea@1234]]>
              </value>
            </param>
            <param index="4">
              <value>
                <![CDATA[Idea@12345]]>
              </value>
            </param>
            <param index="5">
              <value>
                <![CDATA[Smart Virtual Clinic]]>
              </value>
            </param>
            <param index="6">
              <value>
                <![CDATA[Password Doesnot Match]]>
              </value>
            </param>
          </params>
          <reporter-output>
          </reporter-output>
        </test-method> <!-- verifyChangePasswordScenarios -->
        <test-method is-config="true" signature="tearDown()[pri:0, instance:com.SvcProject.TestLayer.ChangePasswordTest@42f33b5d]" started-at="2024-05-09T15:55:05Z" name="tearDown" finished-at="2024-05-09T15:55:05Z" duration-ms="0" status="PASS">
          <reporter-output>
          </reporter-output>
        </test-method> <!-- tearDown -->
        <test-method is-config="true" signature="setUp()[pri:0, instance:com.SvcProject.TestLayer.ChangePasswordTest@42f33b5d]" started-at="2024-05-09T15:55:05Z" name="setUp" finished-at="2024-05-09T15:55:11Z" duration-ms="5910" status="PASS">
          <reporter-output>
          </reporter-output>
        </test-method> <!-- setUp -->
        <test-method signature="verifyChangePasswordScenarios(java.lang.String, java.lang.String, java.lang.String, java.lang.String, java.lang.String, java.lang.String, java.lang.String)[pri:0, instance:com.SvcProject.TestLayer.ChangePasswordTest@42f33b5d]" started-at="2024-05-09T15:55:11Z" name="verifyChangePasswordScenarios" data-provider="getChangePassword" finished-at="2024-05-09T15:55:43Z" duration-ms="31508" status="PASS">
          <params>
            <param index="0">
              <value>
                <![CDATA[9841989189]]>
              </value>
            </param>
            <param index="1">
              <value>
                <![CDATA[789123]]>
              </value>
            </param>
            <param index="2">
              <value>
                <![CDATA[Idea@123]]>
              </value>
            </param>
            <param index="3">
              <value>
                <![CDATA[Idea@123]]>
              </value>
            </param>
            <param index="4">
              <value>
                <![CDATA[Idea@123]]>
              </value>
            </param>
            <param index="5">
              <value>
                <![CDATA[Smart Virtual Clinic]]>
              </value>
            </param>
            <param index="6">
              <value>
                <![CDATA[Current and New Password Must Not Be Same..!]]>
              </value>
            </param>
          </params>
          <reporter-output>
          </reporter-output>
        </test-method> <!-- verifyChangePasswordScenarios -->
        <test-method is-config="true" signature="setUp()[pri:0, instance:com.SvcProject.TestLayer.ChangePasswordTest@42f33b5d]" started-at="2024-05-09T15:55:43Z" name="setUp" finished-at="2024-05-09T15:55:50Z" duration-ms="6602" status="PASS">
          <reporter-output>
          </reporter-output>
        </test-method> <!-- setUp -->
        <test-method is-config="true" signature="tearDown()[pri:0, instance:com.SvcProject.TestLayer.ChangePasswordTest@42f33b5d]" started-at="2024-05-09T15:55:43Z" name="tearDown" finished-at="2024-05-09T15:55:43Z" duration-ms="0" status="PASS">
          <reporter-output>
          </reporter-output>
        </test-method> <!-- tearDown -->
        <test-method signature="verifyChangePasswordScenarios(java.lang.String, java.lang.String, java.lang.String, java.lang.String, java.lang.String, java.lang.String, java.lang.String)[pri:0, instance:com.SvcProject.TestLayer.ChangePasswordTest@42f33b5d]" started-at="2024-05-09T15:55:50Z" name="verifyChangePasswordScenarios" data-provider="getChangePassword" finished-at="2024-05-09T15:56:24Z" duration-ms="34446" status="PASS">
          <params>
            <param index="0">
              <value>
                <![CDATA[9841989189]]>
              </value>
            </param>
            <param index="1">
              <value>
                <![CDATA[789123]]>
              </value>
            </param>
            <param index="2">
              <value>
                <![CDATA[Idea@12345]]>
              </value>
            </param>
            <param index="3">
              <value>
                <![CDATA[Idea@123456]]>
              </value>
            </param>
            <param index="4">
              <value>
                <![CDATA[Idea@123456]]>
              </value>
            </param>
            <param index="5">
              <value>
                <![CDATA[Smart Virtual Clinic]]>
              </value>
            </param>
            <param index="6">
              <value>
                <![CDATA[Password Changed Successfully..!]]>
              </value>
            </param>
          </params>
          <reporter-output>
          </reporter-output>
        </test-method> <!-- verifyChangePasswordScenarios -->
        <test-method is-config="true" signature="tearDown()[pri:0, instance:com.SvcProject.TestLayer.ChangePasswordTest@42f33b5d]" started-at="2024-05-09T15:56:24Z" name="tearDown" finished-at="2024-05-09T15:56:24Z" duration-ms="0" status="PASS">
          <reporter-output>
          </reporter-output>
        </test-method> <!-- tearDown -->
        <test-method is-config="true" signature="end()[pri:0, instance:com.SvcProject.TestLayer.ChangePasswordTest@42f33b5d]" started-at="2024-05-09T15:56:24Z" name="end" finished-at="2024-05-09T15:56:24Z" duration-ms="0" status="PASS">
          <reporter-output>
          </reporter-output>
        </test-method> <!-- end -->
      </class> <!-- com.SvcProject.TestLayer.ChangePasswordTest -->
    </test> <!-- Default test -->
  </suite> <!-- Default suite -->
</testng-results>
