<?xml version="1.0" encoding="UTF-8"?>
<!-- Generated by org.testng.reporters.JUnitReportReporter -->
<testsuite hostname="TLAPT24869" failures="0" tests="4" name="com.SvcProject.TestLayer.SignInTest" time="93.636" errors="0" timestamp="06 May 2024 11:12:03 GMT" skipped="0">
  <testcase classname="com.SvcProject.TestLayer.SignInTest" name="verifyLogin" time="15.941"/>
  <testcase classname="com.SvcProject.TestLayer.SignInTest" name="verifyLogin" time="40.459"/>
  <testcase classname="com.SvcProject.TestLayer.SignInTest" name="verifyLogin" time="19.992"/>
  <testcase classname="com.SvcProject.TestLayer.SignInTest" name="verifyLogin" time="17.244"/>
</testsuite> <!-- com.SvcProject.TestLayer.SignInTest -->
