<?xml version="1.0" encoding="UTF-8"?>
<!-- Generated by org.testng.reporters.JUnitReportReporter -->
<testsuite hostname="TLAPT24869" failures="0" tests="4" name="com.SvcProject.TestLayer.ChangePasswordTest" time="153.024" errors="0" timestamp="09 May 2024 10:26:24 GMT" skipped="0">
  <testcase classname="com.SvcProject.TestLayer.ChangePasswordTest" name="verifyChangePasswordScenarios" time="41.048"/>
  <testcase classname="com.SvcProject.TestLayer.ChangePasswordTest" name="verifyChangePasswordScenarios" time="36.977"/>
  <testcase classname="com.SvcProject.TestLayer.ChangePasswordTest" name="verifyChangePasswordScenarios" time="36.515"/>
  <testcase classname="com.SvcProject.TestLayer.ChangePasswordTest" name="verifyChangePasswordScenarios" time="38.484"/>
</testsuite> <!-- com.SvcProject.TestLayer.ChangePasswordTest -->
